  main.cpp
c:\code\thirdpartylib\libigl\include\igl\viewer\OpenGL_shader.cpp(114): warning C4244: 'argument': conversion from '__int64' to 'GLint', possible loss of data
C:\Code\ThirdPartyLib\libigl\include\igl/material_colors.h(16): warning C4838: conversion from 'double' to 'const float' requires a narrowing conversion
C:\Code\ThirdPartyLib\libigl\include\igl/material_colors.h(16): warning C4305: 'initializing': truncation from 'double' to 'const float'
C:\Code\ThirdPartyLib\libigl\include\igl/material_colors.h(17): warning C4838: conversion from 'double' to 'const float' requires a narrowing conversion
C:\Code\ThirdPartyLib\libigl\include\igl/material_colors.h(17): warning C4305: 'initializing': truncation from 'double' to 'const float'
C:\Code\ThirdPartyLib\libigl\include\igl/material_colors.h(18): warning C4838: conversion from 'double' to 'const float' requires a narrowing conversion
C:\Code\ThirdPartyLib\libigl\include\igl/material_colors.h(18): warning C4305: 'initializing': truncation from 'double' to 'const float'
C:\Code\ThirdPartyLib\libigl\include\igl/material_colors.h(23): warning C4838: conversion from 'double' to 'const float' requires a narrowing conversion
C:\Code\ThirdPartyLib\libigl\include\igl/material_colors.h(23): warning C4305: 'initializing': truncation from 'double' to 'const float'
C:\Code\ThirdPartyLib\libigl\include\igl/material_colors.h(24): warning C4838: conversion from 'double' to 'const float' requires a narrowing conversion
C:\Code\ThirdPartyLib\libigl\include\igl/material_colors.h(24): warning C4305: 'initializing': truncation from 'double' to 'const float'
C:\Code\ThirdPartyLib\libigl\include\igl/material_colors.h(25): warning C4838: conversion from 'double' to 'const float' requires a narrowing conversion
C:\Code\ThirdPartyLib\libigl\include\igl/material_colors.h(25): warning C4305: 'initializing': truncation from 'double' to 'const float'
C:\Code\ThirdPartyLib\libigl\include\igl/material_colors.h(26): warning C4838: conversion from 'double' to 'const float' requires a narrowing conversion
C:\Code\ThirdPartyLib\libigl\include\igl/material_colors.h(26): warning C4305: 'initializing': truncation from 'double' to 'const float'
C:\Code\ThirdPartyLib\libigl\include\igl/material_colors.h(39): warning C4838: conversion from 'double' to 'const float' requires a narrowing conversion
C:\Code\ThirdPartyLib\libigl\include\igl/material_colors.h(39): warning C4305: 'initializing': truncation from 'double' to 'const float'
C:\Code\ThirdPartyLib\libigl\include\igl/material_colors.h(40): warning C4838: conversion from 'double' to 'const float' requires a narrowing conversion
C:\Code\ThirdPartyLib\libigl\include\igl/material_colors.h(40): warning C4305: 'initializing': truncation from 'double' to 'const float'
C:\Code\ThirdPartyLib\libigl\include\igl/material_colors.h(43): warning C4838: conversion from 'double' to 'const float' requires a narrowing conversion
C:\Code\ThirdPartyLib\libigl\include\igl/material_colors.h(43): warning C4305: 'initializing': truncation from 'double' to 'const float'
C:\Code\ThirdPartyLib\libigl\include\igl/material_colors.h(44): warning C4838: conversion from 'double' to 'const float' requires a narrowing conversion
C:\Code\ThirdPartyLib\libigl\include\igl/material_colors.h(44): warning C4305: 'initializing': truncation from 'double' to 'const float'
C:\Code\ThirdPartyLib\libigl\include\igl/material_colors.h(45): warning C4838: conversion from 'double' to 'const float' requires a narrowing conversion
C:\Code\ThirdPartyLib\libigl\include\igl/material_colors.h(45): warning C4305: 'initializing': truncation from 'double' to 'const float'
C:\Code\ThirdPartyLib\libigl\include\igl/material_colors.h(47): warning C4305: 'argument': truncation from 'double' to 'const float'
C:\Code\ThirdPartyLib\libigl\include\igl/material_colors.h(48): warning C4305: 'argument': truncation from 'double' to 'const float'
C:\Code\ThirdPartyLib\libigl\include\igl/material_colors.h(49): warning C4305: 'argument': truncation from 'double' to 'const float'
C:\Code\ThirdPartyLib\libigl\include\igl/material_colors.h(50): warning C4305: 'argument': truncation from 'double' to 'const float'
C:\Code\ThirdPartyLib\libigl\include\igl/material_colors.h(51): warning C4305: 'argument': truncation from 'double' to 'const float'
C:\Code\ThirdPartyLib\libigl\include\igl/material_colors.h(52): warning C4305: 'argument': truncation from 'double' to 'const float'
C:\Code\ThirdPartyLib\libigl\include\igl/material_colors.h(54): warning C4305: 'argument': truncation from 'double' to 'const float'
C:\Code\ThirdPartyLib\libigl\include\igl/material_colors.h(55): warning C4305: 'argument': truncation from 'double' to 'const float'
C:\Code\ThirdPartyLib\libigl\include\igl/parula.h(57): warning C4305: 'argument': truncation from 'double' to 'const float'
c:\code\thirdpartylib\libigl\include\igl\internal_angles.h : warning C4819: The file contains a character that cannot be represented in the current code page (936). Save the file in Unicode format to prevent data loss
c:\code\thirdpartylib\libigl\include\igl\internal_angles.h : warning C4819: The file contains a character that cannot be represented in the current code page (936). Save the file in Unicode format to prevent data loss
c:\code\thirdpartylib\libigl\include\igl\viewer\ViewerData.cpp(237): warning C4244: 'initializing': conversion from '__int64' to 'int', possible loss of data
c:\code\thirdpartylib\libigl\include\igl\viewer\ViewerData.cpp(286): warning C4244: 'initializing': conversion from '__int64' to 'int', possible loss of data
c:\code\thirdpartylib\libigl\include\igl\viewer\ViewerData.cpp(307): warning C4244: 'initializing': conversion from '__int64' to 'int', possible loss of data
c:\code\thirdpartylib\libigl\include\igl\viewer\OpenGL_state.cpp(233): warning C4244: '=': conversion from '__int64' to 'int', possible loss of data
c:\code\thirdpartylib\libigl\include\igl\viewer\OpenGL_state.cpp(234): warning C4244: '=': conversion from '__int64' to 'int', possible loss of data
c:\code\thirdpartylib\libigl\include\igl\viewer\OpenGL_state.cpp(280): warning C4800: 'uint32_t': forcing value to bool 'true' or 'false' (performance warning)
c:\code\thirdpartylib\libigl\include\igl\viewer\OpenGL_state.cpp(281): warning C4800: 'uint32_t': forcing value to bool 'true' or 'false' (performance warning)
c:\code\thirdpartylib\libigl\include\igl\viewer\OpenGL_state.cpp(282): warning C4800: 'uint32_t': forcing value to bool 'true' or 'false' (performance warning)
c:\code\thirdpartylib\libigl\include\igl\viewer\OpenGL_state.cpp(283): warning C4800: 'uint32_t': forcing value to bool 'true' or 'false' (performance warning)
c:\code\thirdpartylib\libigl\include\igl\viewer\OpenGL_state.cpp(284): warning C4800: 'uint32_t': forcing value to bool 'true' or 'false' (performance warning)
c:\code\thirdpartylib\libigl\include\igl\viewer\OpenGL_state.cpp(307): warning C4800: 'uint32_t': forcing value to bool 'true' or 'false' (performance warning)
c:\code\thirdpartylib\libigl\include\igl\viewer\OpenGL_state.cpp(323): warning C4800: 'uint32_t': forcing value to bool 'true' or 'false' (performance warning)
c:\code\thirdpartylib\libigl\include\igl\viewer\OpenGL_state.cpp(347): warning C4244: 'argument': conversion from '__int64' to 'GLsizei', possible loss of data
c:\code\thirdpartylib\libigl\include\igl\viewer\OpenGL_state.cpp(355): warning C4244: 'argument': conversion from '__int64' to 'GLsizei', possible loss of data
c:\code\thirdpartylib\libigl\include\igl\viewer\OpenGL_state.cpp(360): warning C4244: 'argument': conversion from '__int64' to 'GLsizei', possible loss of data
c:\code\thirdpartylib\libigl\include\igl\viewer\ViewerCore.cpp(31): warning C4244: '=': conversion from 'double' to 'float', possible loss of data
c:\code\thirdpartylib\libigl\include\igl\viewer\ViewerCore.cpp(65): warning C4244: '=': conversion from 'double' to 'float', possible loss of data
c:\code\thirdpartylib\libigl\include\igl\viewer\ViewerCore.cpp(82): warning C4244: '=': conversion from 'double' to 'float', possible loss of data
c:\code\thirdpartylib\libigl\include\igl\viewer\ViewerCore.cpp(120): warning C4244: 'argument': conversion from 'float' to 'GLsizei', possible loss of data
c:\code\thirdpartylib\libigl\include\igl\viewer\ViewerCore.cpp(120): warning C4244: 'argument': conversion from 'float' to 'GLint', possible loss of data
c:\code\thirdpartylib\libigl\include\igl\viewer\ViewerCore.cpp(138): warning C4244: 'initializing': conversion from 'double' to 'float', possible loss of data
c:\code\thirdpartylib\libigl\include\igl\viewer\ViewerCore.cpp(143): warning C4244: 'initializing': conversion from 'double' to 'float', possible loss of data
c:\code\thirdpartylib\libigl\include\igl\viewer\ViewerCore.cpp(144): warning C4244: 'initializing': conversion from 'double' to 'float', possible loss of data
c:\code\thirdpartylib\libigl\include\igl\viewer\ViewerCore.cpp(298): warning C4244: 'initializing': conversion from '__int64' to 'unsigned int', possible loss of data
c:\code\thirdpartylib\libigl\include\igl\viewer\ViewerCore.cpp(299): warning C4244: 'initializing': conversion from '__int64' to 'unsigned int', possible loss of data
c:\code\thirdpartylib\libigl\include\igl\viewer\ViewerCore.cpp(335): warning C4244: 'argument': conversion from 'unsigned int' to 'const float', possible loss of data
c:\code\thirdpartylib\libigl\include\igl\writeOFF.cpp(70): warning C4003: not enough actual parameters for macro 'RGB'
c:\code\thirdpartylib\libigl\include\igl\file_dialog_open.cpp(44): warning C4101: 'szFile': unreferenced local variable
c:\code\thirdpartylib\libigl\include\igl\file_dialog_save.cpp(43): warning C4101: 'szFile': unreferenced local variable
c:\code\thirdpartylib\libigl\include\igl\EPS.h(16): warning C4305: 'initializing': truncation from 'double' to 'float'
c:\code\thirdpartylib\libigl\include\igl\EPS.h(17): warning C4305: 'initializing': truncation from 'double' to 'float'
c:\code\thirdpartylib\libigl\include\igl\viewer\Viewer.cpp(154): warning C4244: 'initializing': conversion from 'double' to 'int', possible loss of data
c:\code\thirdpartylib\libigl\include\igl\viewer\Viewer.cpp(155): warning C4244: 'initializing': conversion from 'double' to 'int', possible loss of data
c:\code\thirdpartylib\libigl\include\igl\viewer\Viewer.cpp(171): warning C4244: 'argument': conversion from 'double' to 'int', possible loss of data
c:\code\thirdpartylib\libigl\include\igl\viewer\Viewer.cpp(185): warning C4244: 'argument': conversion from 'double' to 'float', possible loss of data
c:\code\thirdpartylib\libigl\include\igl\viewer\Viewer.cpp(612): warning C4244: 'argument': conversion from '__int64' to 'const double', possible loss of data
c:\code\thirdpartylib\libigl\include\igl\viewer\Viewer.cpp(617): warning C4244: 'argument': conversion from 'double' to 'const float', possible loss of data
c:\code\thirdpartylib\libigl\include\igl\viewer\Viewer.cpp(708): warning C4244: 'argument': conversion from 'float' to 'const int', possible loss of data
c:\code\thirdpartylib\libigl\include\igl\viewer\Viewer.cpp(719): warning C4244: 'argument': conversion from 'int' to 'const float', possible loss of data
c:\code\thirdpartylib\libigl\include\igl\viewer\Viewer.cpp(720): warning C4244: 'argument': conversion from 'int' to 'const float', possible loss of data
c:\code\thirdpartylib\libigl\include\igl\viewer\Viewer.cpp(758): warning C4244: 'initializing': conversion from 'double' to 'float', possible loss of data
c:\code\thirdpartylib\libigl\include\igl\viewer\Viewer.cpp(845): warning C4244: 'argument': conversion from 'int' to 'const float', possible loss of data
C:\Code\ThirdPartyLib\Triangulate/Triangulate.h(113): warning C4267: 'initializing': conversion from 'size_t' to 'int', possible loss of data
C:\Code\ThirdPartyLib\Triangulate/Triangulate.h(182): warning C4267: 'initializing': conversion from 'size_t' to 'int', possible loss of data
C:\Code\ThirdPartyLib\libhedra\include\hedra/polygonal_edge_topology.h(104): warning C4018: '<': signed/unsigned mismatch
C:\Code\ThirdPartyLib\libhedra\include\hedra/line_cylinders.h(47): warning C4244: 'initializing': conversion from '__int64' to 'int', possible loss of data
C:\Code\ThirdPartyLib\OpenMesh\src\OpenMesh/Core/System/compiler.hh(115): fatal error C1189: #error:  "You have to define _USE_MATH_DEFINES in the compiler settings!"
